[1.304s] Invoking command in '/workspaces/Robotics/ros2_ws/src/vision_detection': DEBUGINFOD_URLS=https://debuginfod.ubuntu.com PYTHONPATH=/workspaces/Robotics/ros2_ws/build/vision_detection/prefix_override:/usr/lib/python3/dist-packages/colcon_core/task/python/colcon_distutils_commands:/workspaces/Robotics/ros2_ws/install/vision_detection/lib/python3.12/site-packages:${PYTHONPATH} /usr/bin/python3 -W ignore:setup.py install is deprecated -W ignore:easy_install command is deprecated setup.py egg_info --egg-base ../../build/vision_detection build --build-base /workspaces/Robotics/ros2_ws/build/vision_detection/build install --record /workspaces/Robotics/ros2_ws/build/vision_detection/install.log --single-version-externally-managed install_data
[1.733s] running egg_info
[1.786s] creating ../../build/vision_detection/vision_detection.egg-info
[1.787s] writing ../../build/vision_detection/vision_detection.egg-info/PKG-INFO
[1.789s] writing dependency_links to ../../build/vision_detection/vision_detection.egg-info/dependency_links.txt
[1.789s] writing entry points to ../../build/vision_detection/vision_detection.egg-info/entry_points.txt
[1.790s] writing requirements to ../../build/vision_detection/vision_detection.egg-info/requires.txt
[1.791s] writing top-level names to ../../build/vision_detection/vision_detection.egg-info/top_level.txt
[1.791s] writing manifest file '../../build/vision_detection/vision_detection.egg-info/SOURCES.txt'
[1.906s] reading manifest file '../../build/vision_detection/vision_detection.egg-info/SOURCES.txt'
[1.908s] writing manifest file '../../build/vision_detection/vision_detection.egg-info/SOURCES.txt'
[1.911s] running build
[1.912s] running build_py
[1.916s] creating /workspaces/Robotics/ros2_ws/build/vision_detection/build/lib/vision_detection
[1.918s] copying vision_detection/__init__.py -> /workspaces/Robotics/ros2_ws/build/vision_detection/build/lib/vision_detection
[1.920s] copying vision_detection/setup.py -> /workspaces/Robotics/ros2_ws/build/vision_detection/build/lib/vision_detection
[1.923s] copying vision_detection/vision_node.py -> /workspaces/Robotics/ros2_ws/build/vision_detection/build/lib/vision_detection
[1.923s] running install
[1.947s] running install_lib
[2.008s] creating /workspaces/Robotics/ros2_ws/install/vision_detection/lib/python3.12/site-packages/vision_detection
[2.009s] copying /workspaces/Robotics/ros2_ws/build/vision_detection/build/lib/vision_detection/__init__.py -> /workspaces/Robotics/ros2_ws/install/vision_detection/lib/python3.12/site-packages/vision_detection
[2.010s] copying /workspaces/Robotics/ros2_ws/build/vision_detection/build/lib/vision_detection/setup.py -> /workspaces/Robotics/ros2_ws/install/vision_detection/lib/python3.12/site-packages/vision_detection
[2.012s] copying /workspaces/Robotics/ros2_ws/build/vision_detection/build/lib/vision_detection/vision_node.py -> /workspaces/Robotics/ros2_ws/install/vision_detection/lib/python3.12/site-packages/vision_detection
[2.012s] byte-compiling /workspaces/Robotics/ros2_ws/install/vision_detection/lib/python3.12/site-packages/vision_detection/__init__.py to __init__.cpython-312.pyc
[2.013s] byte-compiling /workspaces/Robotics/ros2_ws/install/vision_detection/lib/python3.12/site-packages/vision_detection/setup.py to setup.cpython-312.pyc
[2.015s] byte-compiling /workspaces/Robotics/ros2_ws/install/vision_detection/lib/python3.12/site-packages/vision_detection/vision_node.py to vision_node.cpython-312.pyc
[2.017s] running install_data
[2.018s] creating /workspaces/Robotics/ros2_ws/install/vision_detection/share/ament_index/resource_index/packages
[2.020s] copying resource/vision_detection -> /workspaces/Robotics/ros2_ws/install/vision_detection/share/ament_index/resource_index/packages
[2.023s] copying package.xml -> /workspaces/Robotics/ros2_ws/install/vision_detection/share/vision_detection
[2.024s] creating /workspaces/Robotics/ros2_ws/install/vision_detection/share/vision_detection/launch
[2.027s] running install_egg_info
[2.084s] Copying ../../build/vision_detection/vision_detection.egg-info to /workspaces/Robotics/ros2_ws/install/vision_detection/lib/python3.12/site-packages/vision_detection-1.0.0-py3.12.egg-info
[2.088s] running install_scripts
[2.231s] Installing robocup_vision script to /workspaces/Robotics/ros2_ws/install/vision_detection/bin
[2.232s] writing list of installed files to '/workspaces/Robotics/ros2_ws/build/vision_detection/install.log'
[2.283s] Invoked command in '/workspaces/Robotics/ros2_ws/src/vision_detection' returned '0': DEBUGINFOD_URLS=https://debuginfod.ubuntu.com PYTHONPATH=/workspaces/Robotics/ros2_ws/build/vision_detection/prefix_override:/usr/lib/python3/dist-packages/colcon_core/task/python/colcon_distutils_commands:/workspaces/Robotics/ros2_ws/install/vision_detection/lib/python3.12/site-packages:${PYTHONPATH} /usr/bin/python3 -W ignore:setup.py install is deprecated -W ignore:easy_install command is deprecated setup.py egg_info --egg-base ../../build/vision_detection build --build-base /workspaces/Robotics/ros2_ws/build/vision_detection/build install --record /workspaces/Robotics/ros2_ws/build/vision_detection/install.log --single-version-externally-managed install_data
